Visual Studio Code (1.81.1, attached-container, desktop)
Jupyter Extension Version: 2023.7.1002162226.
Python Extension Version: 2023.14.0.
Platform: linux (x64).
Workspace folder /root, Home = /root
19:42:24.410 [info] User belongs to experiment group 'FastKernelPicker'
19:42:24.411 [info] User belongs to experiment group 'NewRemoteUriStorage'
19:42:24.411 [info] User belongs to experiment group 'PasswordManager'
19:42:24.411 [info] User belongs to experiment group 'NewJupyterSession'
19:42:25.011 [info] Start refreshing Kernel Picker (1692819745011)
19:42:25.015 [info] Using Pylance
19:42:27.184 [info] Starting Kernel startUsingPythonInterpreter, .jvsc74a57bd0949777d72b0d2535278d3dc13498b2535136f6dfe0678499012e853ee9abcab1./usr/local/python./usr/local/python.-m#ipykernel_launcher  (Python Path: /usr/local/bin/python, Unknown, 3.10.12) for '~/code/Car Price Prediction.ipynb' (disableUI=true)
19:42:27.227 [warn] Failed to get activated env vars for /usr/local/bin/python in 425ms
19:42:27.365 [info] Process Execution: /usr/local/bin/python -c "import site;print("USER_BASE_VALUE");print(site.USER_BASE);print("USER_BASE_VALUE");"
19:42:27.448 [info] Process Execution: /usr/local/bin/python -m pip list
19:42:27.562 [warn] Failed to get activated env vars for /usr/local/bin/python in 289ms
19:42:27.578 [info] Process Execution: /usr/local/bin/python -c "import ipykernel; print(ipykernel.__version__); print("5dc3a68c-e34e-4080-9c3e-2a532b2ccb4d"); print(ipykernel.__file__)"
19:42:27.614 [info] Process Execution: /usr/local/bin/python -m ipykernel_launcher --ip=127.0.0.1 --stdin=9003 --control=9001 --hb=9000 --Session.signature_scheme="hmac-sha256" --Session.key=b"ad695146-bd9e-4267-ba69-6a7041593be6" --shell=9002 --transport="tcp" --iopub=9004 --f=~/.local/share/jupyter/runtime/kernel-v2-2173wWzaDfqgFy3O.json
    > cwd: ~/code
19:42:28.367 [info] ipykernel version & path 6.25.1, /usr/local/lib/python3.10/site-packages/ipykernel/__init__.py for /usr/local/bin/python
19:42:28.601 [info] Started Kernel Python 3.10.12 (pid: 2340)
19:42:28.602 [info] Started new session 071db535-e8f7-44b0-9c23-9edaa23859c7
19:42:28.675 [info] Process Execution: /usr/local/bin/python ~/.vscode-server/extensions/ms-toolsai.jupyter-2023.7.1002162226-linux-x64/pythonFiles/printJupyterDataDir.py
19:42:29.350 [info] End refreshing Kernel Picker (1692819745011)
19:45:49.268 [info] Handle Execution of Cells 0,2,3,6,7,8,9,11,12,14,16,18,20,21,23,24,25,26,27,28,29,30,31,33,35,37,38,39,40,42,43,45,46,48,49,51,52,54,55,57,58,59,60 for ~/code/Car Price Prediction.ipynb
19:45:49.362 [info] Kernel acknowledged execution of cell 0 @ 1692819949348
19:45:51.401 [info] End cell 0 execution @ 1692819951395, started @ 1692819949348, elapsed time = 2.047s
19:45:51.414 [info] Kernel acknowledged execution of cell 2 @ 1692819951406
19:45:51.539 [info] End cell 2 execution @ 1692819951529, started @ 1692819951406, elapsed time = 0.123s
19:45:51.554 [info] Kernel acknowledged execution of cell 3 @ 1692819951542
19:45:51.593 [info] End cell 3 execution @ 1692819951589, started @ 1692819951542, elapsed time = 0.047s
19:45:51.599 [info] Kernel acknowledged execution of cell 6 @ 1692819951595
19:45:51.605 [info] End cell 6 execution @ 1692819951601, started @ 1692819951595, elapsed time = 0.006s
19:45:51.610 [info] Kernel acknowledged execution of cell 7 @ 1692819951608
19:45:51.630 [info] End cell 7 execution @ 1692819951624, started @ 1692819951608, elapsed time = 0.016s
19:45:51.640 [info] Kernel acknowledged execution of cell 8 @ 1692819951633
19:45:51.668 [info] End cell 8 execution @ 1692819951656, started @ 1692819951633, elapsed time = 0.023s
19:45:51.673 [info] Kernel acknowledged execution of cell 9 @ 1692819951671
19:45:51.697 [info] End cell 9 execution @ 1692819951690, started @ 1692819951671, elapsed time = 0.019s
19:45:51.718 [info] Kernel acknowledged execution of cell 11 @ 1692819951701
19:45:51.727 [info] End cell 11 execution @ 1692819951715, started @ 1692819951701, elapsed time = 0.014s
19:45:51.760 [info] Kernel acknowledged execution of cell 12 @ 1692819951742
19:45:51.810 [info] End cell 12 execution @ 1692819951790, started @ 1692819951742, elapsed time = 0.048s
19:45:51.844 [info] Kernel acknowledged execution of cell 14 @ 1692819951819
19:45:51.874 [info] End cell 14 execution @ 1692819951862, started @ 1692819951819, elapsed time = 0.043s
19:45:52.109 [info] Kernel acknowledged execution of cell 16 @ 1692819951879
19:45:52.116 [info] End cell 16 execution @ 1692819952112, started @ 1692819951879, elapsed time = 0.233s
19:45:52.153 [info] Kernel acknowledged execution of cell 18 @ 1692819952119
19:45:52.173 [info] End cell 18 execution @ 1692819952163, started @ 1692819952119, elapsed time = 0.044s
19:45:52.186 [info] Kernel acknowledged execution of cell 20 @ 1692819952177
19:45:52.297 [info] End cell 20 execution @ 1692819952289, started @ 1692819952177, elapsed time = 0.112s
19:45:52.312 [info] Kernel acknowledged execution of cell 21 @ 1692819952303
19:45:52.388 [info] End cell 21 execution @ 1692819952377, started @ 1692819952303, elapsed time = 0.074s
19:45:52.402 [info] Kernel acknowledged execution of cell 23 @ 1692819952393
19:45:52.428 [info] End cell 23 execution @ 1692819952406, started @ 1692819952393, elapsed time = 0.013s
19:45:52.443 [info] Kernel acknowledged execution of cell 24 @ 1692819952435
19:45:52.465 [info] End cell 24 execution @ 1692819952456, started @ 1692819952435, elapsed time = 0.021s
19:45:52.477 [info] Kernel acknowledged execution of cell 25 @ 1692819952471
19:45:52.499 [info] End cell 25 execution @ 1692819952489, started @ 1692819952471, elapsed time = 0.018s
19:45:52.526 [info] Kernel acknowledged execution of cell 26 @ 1692819952512
19:45:52.548 [info] End cell 26 execution @ 1692819952539, started @ 1692819952512, elapsed time = 0.027s
19:45:52.571 [info] Kernel acknowledged execution of cell 27 @ 1692819952555
19:45:52.863 [info] End cell 27 execution @ 1692819952852, started @ 1692819952555, elapsed time = 0.297s
19:45:52.877 [info] Kernel acknowledged execution of cell 28 @ 1692819952867
19:45:52.909 [info] End cell 28 execution @ 1692819952907, started @ 1692819952867, elapsed time = 0.04s
19:45:52.921 [info] Kernel acknowledged execution of cell 29 @ 1692819952912
19:45:52.929 [info] End cell 29 execution @ 1692819952923, started @ 1692819952912, elapsed time = 0.011s
19:45:52.932 [info] Kernel acknowledged execution of cell 30 @ 1692819952931
19:45:54.249 [info] End cell 30 execution @ 1692819954241, started @ 1692819952931, elapsed time = 1.31s
19:45:54.266 [info] Kernel acknowledged execution of cell 31 @ 1692819954256
19:46:02.735 [info] End cell 31 execution @ 1692819962688, started @ 1692819954256, elapsed time = 8.432s
19:46:02.792 [info] Kernel acknowledged execution of cell 33 @ 1692819962760
19:46:02.805 [info] End cell 33 execution @ 1692819962795, started @ 1692819962760, elapsed time = 0.035s
19:46:02.829 [info] Kernel acknowledged execution of cell 35 @ 1692819962812
19:46:02.868 [info] End cell 35 execution @ 1692819962854, started @ 1692819962812, elapsed time = 0.042s
19:46:02.886 [info] Kernel acknowledged execution of cell 37 @ 1692819962874
19:46:02.914 [info] End cell 37 execution @ 1692819962903, started @ 1692819962874, elapsed time = 0.029s
19:46:02.941 [info] Kernel acknowledged execution of cell 38 @ 1692819962927
19:46:02.992 [info] End cell 38 execution @ 1692819962973, started @ 1692819962927, elapsed time = 0.046s
19:46:03.021 [info] Kernel acknowledged execution of cell 39 @ 1692819963000
19:46:03.052 [info] End cell 39 execution @ 1692819963036, started @ 1692819963000, elapsed time = 0.036s
19:46:03.067 [info] Kernel acknowledged execution of cell 40 @ 1692819963058
19:46:03.123 [info] End cell 40 execution @ 1692819963103, started @ 1692819963058, elapsed time = 0.045s
19:46:03.164 [info] Kernel acknowledged execution of cell 42 @ 1692819963131
19:46:04.554 [info] End cell 42 execution @ 1692819964546, started @ 1692819963131, elapsed time = 1.415s
19:46:04.569 [info] Kernel acknowledged execution of cell 43 @ 1692819964558
19:46:04.584 [info] End cell 43 execution @ 1692819964577, started @ 1692819964558, elapsed time = 0.019s
19:46:04.604 [info] Kernel acknowledged execution of cell 45 @ 1692819964590
19:46:05.261 [info] End cell 45 execution @ 1692819965256, started @ 1692819964590, elapsed time = 0.666s
19:46:05.269 [info] Kernel acknowledged execution of cell 46 @ 1692819965264
19:46:05.285 [info] End cell 46 execution @ 1692819965280, started @ 1692819965264, elapsed time = 0.016s
19:46:05.296 [info] Kernel acknowledged execution of cell 48 @ 1692819965290
19:46:06.937 [info] End cell 48 execution @ 1692819966934, started @ 1692819965290, elapsed time = 1.644s
19:46:06.951 [info] Kernel acknowledged execution of cell 49 @ 1692819966943
19:46:06.964 [info] End cell 49 execution @ 1692819966957, started @ 1692819966943, elapsed time = 0.014s
19:46:06.979 [info] Kernel acknowledged execution of cell 51 @ 1692819966969
19:46:07.715 [info] End cell 51 execution @ 1692819967709, started @ 1692819966969, elapsed time = 0.74s
19:46:07.723 [info] Kernel acknowledged execution of cell 52 @ 1692819967719
19:46:07.743 [info] End cell 52 execution @ 1692819967738, started @ 1692819967719, elapsed time = 0.019s
19:46:07.752 [info] Kernel acknowledged execution of cell 54 @ 1692819967745
19:46:07.776 [info] End cell 54 execution @ 1692819967767, started @ 1692819967745, elapsed time = 0.022s
19:46:07.782 [info] Kernel acknowledged execution of cell 55 @ 1692819967779
19:46:07.794 [info] End cell 55 execution @ 1692819967786, started @ 1692819967779, elapsed time = 0.007s
19:46:07.798 [info] Kernel acknowledged execution of cell 57 @ 1692819967796
19:46:08.040 [info] End cell 57 execution @ 1692819967994, started @ 1692819967796, elapsed time = 0.198s
19:46:08.084 [info] Kernel acknowledged execution of cell 58 @ 1692819968062
19:46:08.157 [info] End cell 58 execution @ 1692819968151, started @ 1692819968062, elapsed time = 0.089s
19:46:08.181 [info] Kernel acknowledged execution of cell 59 @ 1692819968159
19:46:33.885 [info] End cell 59 execution @ 1692819993858, started @ 1692819968159, elapsed time = 25.699s
19:46:33.899 [info] Kernel acknowledged execution of cell 60 @ 1692819993891
19:46:57.565 [info] End cell 60 execution @ 1692820017563, started @ 1692819993891, elapsed time = 23.672s
19:47:17.784 [info] Handle Execution of Cells 56 for ~/code/Car Price Prediction.ipynb
19:47:17.827 [info] Kernel acknowledged execution of cell 56 @ 1692820037807
19:47:17.836 [info] End cell 56 execution @ 1692820037832, started @ 1692820037807, elapsed time = 0.025s
19:47:37.381 [info] Handle Execution of Cells 56 for ~/code/Car Price Prediction.ipynb
19:47:37.390 [info] Kernel acknowledged execution of cell 56 @ 1692820057386
19:47:37.408 [info] End cell 56 execution @ 1692820057403, started @ 1692820057386, elapsed time = 0.017s
19:47:41.276 [info] Handle Execution of Cells 56 for ~/code/Car Price Prediction.ipynb
19:47:41.295 [info] Kernel acknowledged execution of cell 56 @ 1692820061281
19:47:41.304 [info] End cell 56 execution @ 1692820061299, started @ 1692820061281, elapsed time = 0.018s
19:50:41.487 [info] Disposing HostJupyterExecution
19:50:41.487 [info] Shutting down notebooks for 298b8092-b54c-4d7e-a49c-f2a181c8269b
19:50:41.488 [info] Dispose Kernel '~/code/Car Price Prediction.ipynb' associated with '~/code/Car Price Prediction.ipynb'
19:50:41.495 [info] Dispose Kernel process 2340.
19:50:41.543 [info] Disposing HostJupyterExecution
