2023-08-26 13:41:03.525 [info] Log level: Info
2023-08-26 13:41:03.525 [info] Validating found git in: "git"
2023-08-26 13:41:03.526 [info] Using git "2.39.2" from "git"
2023-08-26 13:41:03.526 [info] > git rev-parse --show-toplevel [137ms]
2023-08-26 13:41:03.526 [info] fatal: not a git repository (or any of the parent directories): .git
2023-08-26 13:41:03.526 [info] > git rev-parse --show-toplevel [38ms]
2023-08-26 13:41:03.526 [info] fatal: not a git repository (or any parent up to mount point /root)
Stopping at filesystem boundary (GIT_DISCOVERY_ACROSS_FILESYSTEM not set).
2023-08-26 13:41:03.539 [info] > git rev-parse --show-toplevel [20ms]
2023-08-26 13:41:03.540 [info] fatal: not a git repository (or any of the parent directories): .git
2023-08-26 13:41:03.610 [info] > git rev-parse --show-toplevel [61ms]
2023-08-26 13:41:03.610 [info] fatal: not a git repository (or any of the parent directories): .git
2023-08-26 13:41:04.085 [info] > git rev-parse --show-toplevel [27ms]
2023-08-26 13:41:04.085 [info] fatal: not a git repository (or any parent up to mount point /root)
Stopping at filesystem boundary (GIT_DISCOVERY_ACROSS_FILESYSTEM not set).
2023-08-26 13:41:04.102 [info] > git rev-parse --show-toplevel [7ms]
2023-08-26 13:41:04.102 [info] fatal: not a git repository (or any parent up to mount point /root)
Stopping at filesystem boundary (GIT_DISCOVERY_ACROSS_FILESYSTEM not set).
2023-08-26 13:42:44.959 [info] > git rev-parse --show-toplevel [6ms]
2023-08-26 13:42:44.963 [info] fatal: not a git repository (or any parent up to mount point /root)
Stopping at filesystem boundary (GIT_DISCOVERY_ACROSS_FILESYSTEM not set).
2023-08-26 13:44:44.456 [info] > git rev-parse --show-toplevel [4ms]
2023-08-26 13:44:44.456 [info] fatal: not a git repository (or any parent up to mount point /root)
Stopping at filesystem boundary (GIT_DISCOVERY_ACROSS_FILESYSTEM not set).
2023-08-26 14:08:34.000 [info] > git rev-parse --show-toplevel [7ms]
2023-08-26 14:08:34.001 [info] fatal: not a git repository (or any parent up to mount point /root)
Stopping at filesystem boundary (GIT_DISCOVERY_ACROSS_FILESYSTEM not set).
2023-08-26 14:22:20.248 [info] > git rev-parse --show-toplevel [2ms]
2023-08-26 14:22:20.251 [info] fatal: not a git repository (or any parent up to mount point /root)
Stopping at filesystem boundary (GIT_DISCOVERY_ACROSS_FILESYSTEM not set).
2023-08-26 14:23:09.775 [info] > git rev-parse --show-toplevel [7ms]
2023-08-26 14:23:09.776 [info] fatal: not a git repository (or any parent up to mount point /root)
Stopping at filesystem boundary (GIT_DISCOVERY_ACROSS_FILESYSTEM not set).
2023-08-26 14:23:40.484 [info] > git rev-parse --show-toplevel [3ms]
2023-08-26 14:23:40.485 [info] fatal: not a git repository (or any parent up to mount point /root)
Stopping at filesystem boundary (GIT_DISCOVERY_ACROSS_FILESYSTEM not set).
2023-08-26 14:25:49.810 [info] > git rev-parse --show-toplevel [16ms]
2023-08-26 14:25:49.811 [info] fatal: not a git repository (or any parent up to mount point /root)
Stopping at filesystem boundary (GIT_DISCOVERY_ACROSS_FILESYSTEM not set).
2023-08-26 14:25:55.336 [info] > git rev-parse --show-toplevel [22ms]
2023-08-26 14:25:55.337 [info] fatal: not a git repository (or any parent up to mount point /root)
Stopping at filesystem boundary (GIT_DISCOVERY_ACROSS_FILESYSTEM not set).
