2023-08-26 13:41:03.474 [info] Experiment 'pythonPromptNewFormatterExt' is active
2023-08-26 13:41:03.475 [info] Experiment 'pythonPromptNewToolsExt' is active
2023-08-26 13:41:03.475 [info] Experiment 'pythonSurveyNotification' is active
2023-08-26 13:41:03.475 [info] Test server listening.
2023-08-26 13:41:03.475 [info] Python interpreter path: /usr/local/bin/python
2023-08-26 13:41:04.075 [info] > conda info --json
2023-08-26 13:41:05.773 [info] Starting Pylance language server.
2023-08-26 13:41:13.053 [info] Send text to terminal: /usr/local/bin/python /root/code/main.py
2023-08-26 13:42:34.106 [info] Found: /bin/python3 --> /bin/python3.11
2023-08-26 13:42:34.111 [info] Found: /bin/python3.11 --> /bin/python3.11
2023-08-26 13:42:34.227 [info] Found: /usr/bin/python3 --> /usr/bin/python3.11
2023-08-26 13:42:34.244 [info] Found: /usr/bin/python3.11 --> /usr/bin/python3.11
2023-08-26 13:42:34.384 [info] Found: /usr/local/bin/python --> /usr/local/bin/python3.10
2023-08-26 13:42:34.387 [info] Found: /usr/local/bin/python3 --> /usr/local/bin/python3.10
2023-08-26 13:42:34.392 [info] Found: /usr/local/bin/python3.10 --> /usr/local/bin/python3.10
2023-08-26 13:42:34.497 [info] > /bin/python3 -I ./.vscode-server/extensions/ms-python.python-2023.14.0/pythonFiles/get_output_via_markers.py ./.vscode-server/extensions/ms-python.python-2023.14.0/pythonFiles/interpreterInfo.py
2023-08-26 13:42:34.607 [info] > /usr/bin/python3 -I ./.vscode-server/extensions/ms-python.python-2023.14.0/pythonFiles/get_output_via_markers.py ./.vscode-server/extensions/ms-python.python-2023.14.0/pythonFiles/interpreterInfo.py
2023-08-26 13:42:35.118 [info] > /usr/local/bin/python -I ./.vscode-server/extensions/ms-python.python-2023.14.0/pythonFiles/get_output_via_markers.py ./.vscode-server/extensions/ms-python.python-2023.14.0/pythonFiles/interpreterInfo.py
2023-08-26 13:52:05.675 [info] Discover tests for workspace name: root - uri: /root/code/main.py
2023-08-26 13:52:35.551 [info] Discover tests for workspace name: root - uri: /root/code/main.py
2023-08-26 13:54:33.935 [info] Discover tests for workspace name: root - uri: /root/code/main.py
2023-08-26 13:55:29.213 [info] Discover tests for workspace name: root - uri: /root/code/main.py
2023-08-26 13:57:13.518 [info] Discover tests for workspace name: root - uri: /root/code/main.py
2023-08-26 14:06:01.526 [info] Discover tests for workspace name: root - uri: /root/code/main.py
2023-08-26 14:11:28.050 [info] Discover tests for workspace name: root - uri: /root/code/main.py
2023-08-26 14:17:30.633 [info] Discover tests for workspace name: root - uri: /root/code/main.py
2023-08-26 14:23:55.964 [info] Discover tests for workspace name: root - uri: /root/code/main.py
