2023-08-26 14:42:20.914 [info] Experiment 'pythonPromptNewFormatterExt' is active
2023-08-26 14:42:20.914 [info] Experiment 'pythonPromptNewToolsExt' is active
2023-08-26 14:42:20.914 [info] Experiment 'pythonSurveyNotification' is active
2023-08-26 14:42:20.914 [info] Test server listening.
2023-08-26 14:42:20.915 [info] Python interpreter path: /usr/local/bin/python
2023-08-26 14:42:20.944 [warning] Retry failed, storage update failed for key PYTHON_WORKSPACE_STORAGE_KEYS
2023-08-26 14:42:20.945 [warning] Retry failed, storage update failed for key PYTHON_WORKSPACE_STORAGE_KEYS
2023-08-26 14:42:20.946 [warning] Retry failed, storage update failed for key PYTHON_WORKSPACE_STORAGE_KEYS
2023-08-26 14:42:21.069 [info] > conda info --json
2023-08-26 14:42:23.611 [info] Starting Pylance language server.
2023-08-26 14:42:35.346 [info] Send text to terminal: /usr/local/bin/python /root/code/main.py
2023-08-26 14:53:18.811 [info] Discover tests for workspace name: root - uri: /root/code/main.py
2023-08-26 14:53:56.507 [info] Discover tests for workspace name: root - uri: /root/code/main.py
2023-08-26 15:05:35.969 [info] Discover tests for workspace name: root - uri: /root/code/main.py
2023-08-26 15:13:14.557 [info] Discover tests for workspace name: root - uri: /root/code/main.py
2023-08-26 15:17:44.365 [info] Discover tests for workspace name: root - uri: /root/code/main.py
2023-08-26 15:19:22.492 [info] Discover tests for workspace name: root - uri: /root/code/main.py
2023-08-26 15:19:48.103 [info] Discover tests for workspace name: root - uri: /root/code/main.py
2023-08-26 15:20:31.595 [info] Discover tests for workspace name: root - uri: /root/code/main.py
2023-08-26 15:21:38.589 [info] Discover tests for workspace name: root - uri: /root/code/main.py
2023-08-26 15:24:06.594 [info] Discover tests for workspace name: root - uri: /root/code/main.py
2023-08-26 15:31:58.327 [info] Discover tests for workspace name: root - uri: /root/code/main.py
2023-08-26 15:33:36.643 [info] Discover tests for workspace name: root - uri: /root/code/main.py
2023-08-26 15:34:33.946 [info] Discover tests for workspace name: root - uri: /root/code/main.py
2023-08-26 15:39:27.758 [info] Discover tests for workspace name: root - uri: /root/code/main.py
2023-08-26 15:39:49.792 [info] Discover tests for workspace name: root - uri: /root/code/main.py
2023-08-26 15:41:53.318 [info] Discover tests for workspace name: root - uri: /root/code/main.py
2023-08-26 15:44:49.082 [info] Discover tests for workspace name: root - uri: /root/code/main.py
2023-08-26 15:47:58.669 [info] Discover tests for workspace name: root - uri: /root/code/main.py
2023-08-26 15:53:55.688 [info] Discover tests for workspace name: root - uri: /root/code/main.py
2023-08-26 15:54:00.365 [info] Discover tests for workspace name: root - uri: /root/code/main.py
2023-08-26 15:56:27.222 [info] Discover tests for workspace name: root - uri: /root/code/main.py
2023-08-26 15:57:51.852 [info] Discover tests for workspace name: root - uri: /root/code/main.py
2023-08-26 16:00:59.297 [info] Discover tests for workspace name: root - uri: /root/code/main.py
2023-08-26 16:03:11.687 [info] Discover tests for workspace name: root - uri: /root/code/main.py
2023-08-26 16:04:04.985 [info] Discover tests for workspace name: root - uri: /root/code/main.py
2023-08-26 16:04:42.243 [info] Discover tests for workspace name: root - uri: /root/code/main.py
2023-08-26 16:07:12.972 [info] Discover tests for workspace name: root - uri: /root/code/main.py
2023-08-26 16:07:45.048 [info] Discover tests for workspace name: root - uri: /root/code/main.py
2023-08-26 16:09:13.675 [info] Discover tests for workspace name: root - uri: /root/code/main.py
2023-08-26 16:09:25.648 [info] Discover tests for workspace name: root - uri: /root/code/main.py
2023-08-26 16:09:38.284 [info] Send text to terminal: /usr/local/bin/python /root/code/main.py
2023-08-26 16:11:05.006 [info] Discover tests for workspace name: root - uri: /root/code/main.py
2023-08-26 16:13:03.247 [info] Discover tests for workspace name: root - uri: /root/code/main.py
2023-08-26 16:15:02.392 [info] Discover tests for workspace name: root - uri: /root/code/main.py
2023-08-26 16:28:39.214 [info] Discover tests for workspace name: root - uri: /root/code/main.py
2023-08-26 16:31:06.601 [info] Discover tests for workspace name: root - uri: /root/code/main.py
2023-08-26 16:32:38.504 [info] Discover tests for workspace name: root - uri: /root/code/main.py
2023-08-26 16:48:50.847 [info] Discover tests for workspace name: root - uri: /root/code/main.py
2023-08-26 16:49:36.696 [info] Discover tests for workspace name: root - uri: /root/code/main.py
2023-08-26 17:01:15.676 [info] Discover tests for workspace name: root - uri: /root/code/main.py
2023-08-26 17:02:00.742 [info] Discover tests for workspace name: root - uri: /root/code/main.py
2023-08-26 17:03:00.317 [info] Discover tests for workspace name: root - uri: /root/code/main.py
2023-08-26 17:05:02.361 [info] Discover tests for workspace name: root - uri: /root/code/main.py
2023-08-26 17:14:15.227 [info] Discover tests for workspace name: root - uri: /root/code/main.py
2023-08-26 17:18:43.105 [info] Discover tests for workspace name: root - uri: /root/code/main.py
2023-08-26 17:20:46.520 [info] Discover tests for workspace name: root - uri: /root/code/main.py
2023-08-26 17:22:58.862 [info] Discover tests for workspace name: root - uri: /root/code/main.py
2023-08-26 17:29:09.610 [info] Discover tests for workspace name: root - uri: /root/code/main.py
2023-08-26 17:29:49.762 [info] Discover tests for workspace name: root - uri: /root/code/main.py
2023-08-26 17:30:09.314 [info] Discover tests for workspace name: root - uri: /root/code/main.py
2023-08-26 17:32:12.782 [info] Discover tests for workspace name: root - uri: /root/code/main.py
2023-08-26 17:32:45.030 [info] Discover tests for workspace name: root - uri: /root/code/main.py
2023-08-26 17:33:17.513 [info] Discover tests for workspace name: root - uri: /root/code/main.py
2023-08-26 17:34:29.177 [info] Discover tests for workspace name: root - uri: /root/code/main.py
2023-08-26 17:34:49.249 [info] Discover tests for workspace name: root - uri: /root/code/main.py
