2023-08-27 07:25:57.326 [info] Experiment 'pythonPromptNewFormatterExt' is active
2023-08-27 07:25:57.326 [info] Experiment 'pythonPromptNewToolsExt' is active
2023-08-27 07:25:57.326 [info] Experiment 'pythonSurveyNotification' is active
2023-08-27 07:25:57.331 [info] Test server listening.
2023-08-27 07:25:58.016 [info] > conda info --json
2023-08-27 07:25:58.146 [info] > /usr/local/bin/python -I ./.vscode-server/extensions/ms-python.python-2023.14.0/pythonFiles/get_output_via_markers.py ./.vscode-server/extensions/ms-python.python-2023.14.0/pythonFiles/interpreterInfo.py
2023-08-27 07:25:58.318 [info] Python interpreter path: /usr/local/bin/python
2023-08-27 07:25:59.213 [info] Send text to terminal: /usr/local/bin/python /root/code/main.py
2023-08-27 07:26:01.262 [info] Starting Pylance language server.
2023-08-27 07:26:34.464 [info] Discover tests for workspace name: root - uri: /root/code/main.py
2023-08-27 08:11:50.441 [info] Discover tests for workspace name: root - uri: /root/code/main.py
2023-08-27 09:30:06.427 [info] Discover tests for workspace name: root - uri: /root/code/main.py
2023-08-27 09:30:15.061 [info] Discover tests for workspace name: root - uri: /root/code/main copy.py
2023-08-27 09:30:41.190 [info] Discover tests for workspace name: root - uri: /root/code/main.py
2023-08-27 09:30:42.755 [info] Discover tests for workspace name: root - uri: /root/code/main.py
2023-08-27 09:31:23.601 [info] Discover tests for workspace name: root - uri: /root/code/main.py
2023-08-27 09:32:15.221 [info] Discover tests for workspace name: root - uri: /root/code/main.py
2023-08-27 09:32:15.651 [info] Discover tests for workspace name: root - uri: /root/code/main.py
2023-08-27 09:32:16.317 [info] Discover tests for workspace name: root - uri: /root/code/main.py
2023-08-27 09:32:41.930 [info] Discover tests for workspace name: root - uri: /root/code/main.py
2023-08-27 09:33:08.041 [info] Discover tests for workspace name: root - uri: /root/code/main.py
2023-08-27 09:33:08.444 [info] Discover tests for workspace name: root - uri: /root/code/main.py
2023-08-27 09:33:08.866 [info] Discover tests for workspace name: root - uri: /root/code/main.py
2023-08-27 09:33:18.599 [info] Send text to terminal: /usr/local/bin/python /root/code/main.py
2023-08-27 09:33:52.620 [info] Discover tests for workspace name: root - uri: /root/code/main.py
2023-08-27 09:34:09.590 [info] Discover tests for workspace name: root - uri: /root/code/main.py
2023-08-27 09:34:09.889 [info] Discover tests for workspace name: root - uri: /root/code/main.py
2023-08-27 09:34:12.665 [info] Send text to terminal: /usr/local/bin/python /root/code/main.py
2023-08-27 09:35:00.584 [info] Discover tests for workspace name: root - uri: /root/code/main.py
2023-08-27 09:35:42.253 [info] Discover tests for workspace name: root - uri: /root/code/main.py
2023-08-27 09:36:50.944 [info] Discover tests for workspace name: root - uri: /root/code/main.py
2023-08-27 09:37:17.836 [info] Discover tests for workspace name: root - uri: /root/code/main.py
2023-08-27 09:37:58.781 [info] Discover tests for workspace name: root - uri: /root/code/main.py
2023-08-27 09:37:59.117 [info] Discover tests for workspace name: root - uri: /root/code/main.py
2023-08-27 09:38:28.923 [info] Discover tests for workspace name: root - uri: /root/code/main.py
2023-08-27 09:38:42.611 [info] Discover tests for workspace name: root - uri: /root/code/main.py
2023-08-27 09:38:50.238 [info] Send text to terminal: /usr/local/bin/python /root/code/main.py
2023-08-27 09:39:28.713 [info] Discover tests for workspace name: root - uri: /root/code/main.py
2023-08-27 09:39:59.217 [info] Discover tests for workspace name: root - uri: /root/code/main.py
2023-08-27 09:40:12.533 [info] Discover tests for workspace name: root - uri: /root/code/main.py
2023-08-27 09:40:17.828 [info] Send text to terminal: /usr/local/bin/python /root/code/main.py
2023-08-27 09:40:29.500 [info] Send text to terminal: /usr/local/bin/python /root/code/main.py
2023-08-27 09:42:04.205 [info] Discover tests for workspace name: root - uri: /root/code/main.py
2023-08-27 09:42:58.296 [info] Discover tests for workspace name: root - uri: /root/code/main.py
2023-08-27 09:42:58.759 [info] Discover tests for workspace name: root - uri: /root/code/main.py
2023-08-27 09:43:10.856 [info] Discover tests for workspace name: root - uri: /root/code/main.py
2023-08-27 09:43:21.975 [info] Discover tests for workspace name: root - uri: /root/code/main.py
2023-08-27 09:43:40.994 [info] Discover tests for workspace name: root - uri: /root/code/main.py
2023-08-27 09:46:34.683 [info] Discover tests for workspace name: root - uri: /root/code/main.py
2023-08-27 09:47:13.321 [info] Discover tests for workspace name: root - uri: /root/code/main.py
2023-08-27 09:47:29.225 [info] Discover tests for workspace name: root - uri: /root/code/main.py
2023-08-27 09:48:19.160 [info] Discover tests for workspace name: root - uri: /root/code/main.py
2023-08-27 09:48:39.740 [info] Discover tests for workspace name: root - uri: /root/code/main.py
2023-08-27 09:48:40.162 [info] Discover tests for workspace name: root - uri: /root/code/main.py
2023-08-27 09:48:41.467 [info] Send text to terminal: /usr/local/bin/python /root/code/main.py
2023-08-27 09:50:54.725 [info] Discover tests for workspace name: root - uri: /root/code/main.py
2023-08-27 09:51:19.780 [info] Discover tests for workspace name: root - uri: /root/code/main.py
2023-08-27 09:51:25.148 [info] Send text to terminal: /usr/local/bin/python /root/code/main.py
2023-08-27 09:53:50.831 [info] Discover tests for workspace name: root - uri: /root/code/main.py
2023-08-27 09:54:29.293 [info] Discover tests for workspace name: root - uri: /root/code/main.py
2023-08-27 09:54:58.678 [info] Discover tests for workspace name: root - uri: /root/code/main.py
2023-08-27 09:55:50.815 [info] Discover tests for workspace name: root - uri: /root/code/main.py
2023-08-27 09:56:49.033 [info] Discover tests for workspace name: root - uri: /root/code/main.py
2023-08-27 09:57:12.043 [info] Discover tests for workspace name: root - uri: /root/code/main.py
2023-08-27 09:57:57.897 [info] Discover tests for workspace name: root - uri: /root/code/main.py
2023-08-27 09:58:40.952 [info] Discover tests for workspace name: root - uri: /root/code/main.py
2023-08-27 10:00:38.918 [info] Discover tests for workspace name: root - uri: /root/code/main.py
2023-08-27 10:01:11.899 [info] Discover tests for workspace name: root - uri: /root/code/main.py
2023-08-27 10:01:14.823 [info] Send text to terminal: /usr/local/bin/python /root/code/main.py
2023-08-27 10:02:24.385 [info] Send text to terminal: /usr/local/bin/python /root/code/main.py
2023-08-27 10:02:24.668 [info] Discover tests for workspace name: root - uri: /root/code/main.py
2023-08-27 10:02:49.050 [info] Discover tests for workspace name: root - uri: /root/code/main.py
2023-08-27 10:02:51.194 [info] Send text to terminal: /usr/local/bin/python /root/code/main.py
2023-08-27 10:03:00.839 [info] Discover tests for workspace name: root - uri: /root/code/main.py
2023-08-27 10:03:02.048 [info] Send text to terminal: /usr/local/bin/python /root/code/main.py
2023-08-27 10:07:54.986 [info] Discover tests for workspace name: root - uri: /root/code/main.py
2023-08-27 10:08:16.547 [info] Discover tests for workspace name: root - uri: /root/code/main.py
