Visual Studio Code (1.81.1, attached-container, desktop)
Jupyter Extension Version: 2023.7.1002162226.
Python Extension Version: 2023.14.0.
Platform: linux (x64).
Workspace folder /root, Home = /root
05:40:03.579 [info] User belongs to experiment group 'FastKernelPicker'
05:40:03.580 [info] User belongs to experiment group 'NewRemoteUriStorage'
05:40:03.580 [info] User belongs to experiment group 'PasswordManager'
05:40:03.580 [info] User belongs to experiment group 'NewJupyterSession'
05:40:04.445 [info] Start refreshing Kernel Picker (1693028404445)
05:40:04.452 [info] Using Pylance
05:40:05.689 [info] Start refreshing Interpreter Kernel Picker
05:40:11.316 [info] Starting Kernel startUsingPythonInterpreter, .jvsc74a57bd0949777d72b0d2535278d3dc13498b2535136f6dfe0678499012e853ee9abcab1./usr/local/python./usr/local/python.-m#ipykernel_launcher  (Python Path: /usr/local/bin/python, Unknown, 3.10.12) for '~/code/Car Price Prediction.ipynb' (disableUI=true)
05:40:11.734 [warn] Failed to get activated env vars for /usr/local/bin/python in 717ms
05:40:11.758 [info] Process Execution: /usr/local/bin/python -c "import site;print("USER_BASE_VALUE");print(site.USER_BASE);print("USER_BASE_VALUE");"
05:40:11.850 [info] Process Execution: /usr/local/bin/python -m pip list
05:40:11.867 [warn] Failed to get activated env vars for /usr/local/bin/python in 482ms
05:40:11.923 [info] Process Execution: /usr/local/bin/python -c "import ipykernel; print(ipykernel.__version__); print("5dc3a68c-e34e-4080-9c3e-2a532b2ccb4d"); print(ipykernel.__file__)"
05:40:12.003 [info] Process Execution: /usr/local/bin/python -m ipykernel_launcher --ip=127.0.0.1 --stdin=9003 --control=9001 --hb=9000 --Session.signature_scheme="hmac-sha256" --Session.key=b"5edbdbb8-1902-4e7a-a8f3-8411c27df019" --shell=9002 --transport="tcp" --iopub=9004 --f=~/.local/share/jupyter/runtime/kernel-v2-264sg881BYdGuS0.json
    > cwd: ~/code
05:40:13.064 [info] ipykernel version & path 6.25.1, /usr/local/lib/python3.10/site-packages/ipykernel/__init__.py for /usr/local/bin/python
05:40:13.378 [warn] StdErr from Kernel Process /usr/local/lib/python3.10/site-packages/traitlets/traitlets.py:2548: FutureWarning: Supporting extra quotes around strings is deprecated in traitlets 5.0. You can use 'hmac-sha256' instead of '"hmac-sha256"' if you require traitlets >=5.
  warn(
05:40:13.378 [warn] StdErr from Kernel Process /usr/local/lib/python3.10/site-packages/traitlets/traitlets.py:2499: FutureWarning: Supporting extra quotes around Bytes is deprecated in traitlets 5.0. Use '5edbdbb8-1902-4e7a-a8f3-8411c27df019' instead of 'b"5edbdbb8-1902-4e7a-a8f3-8411c27df019"'.
  warn(
05:40:13.564 [info] Started Kernel Python 3.10.12 (pid: 429)
05:40:13.564 [info] Started new session 17a27ca0-6cd7-49cf-9ff3-4f43bef95904
05:40:13.659 [info] Process Execution: /usr/local/bin/python ~/.vscode-server/extensions/ms-toolsai.jupyter-2023.7.1002162226-linux-x64/pythonFiles/printJupyterDataDir.py
05:40:14.005 [info] End refreshing Kernel Picker (1693028404445)
06:51:28.053 [info] Handle Execution of Cells 0,2,3,6,7,8,9,10,12,13,14,16,18,20,22,23,24,25,28,30,31,32,33,34,35,36,37,38,39,40 for ~/code/Car Price Prediction.ipynb
06:51:28.161 [info] Kernel acknowledged execution of cell 0 @ 1693032688152
06:51:30.467 [info] End cell 0 execution @ 1693032690462, started @ 1693032688152, elapsed time = 2.31s
06:51:30.479 [info] Kernel acknowledged execution of cell 2 @ 1693032690472
06:51:30.609 [info] End cell 2 execution @ 1693032690596, started @ 1693032690472, elapsed time = 0.124s
06:51:30.654 [info] Kernel acknowledged execution of cell 3 @ 1693032690613
06:51:30.685 [info] End cell 3 execution @ 1693032690676, started @ 1693032690613, elapsed time = 0.063s
06:51:30.696 [info] Kernel acknowledged execution of cell 6 @ 1693032690689
06:51:30.705 [info] End cell 6 execution @ 1693032690701, started @ 1693032690689, elapsed time = 0.012s
06:51:30.716 [info] Kernel acknowledged execution of cell 7 @ 1693032690709
06:51:30.745 [info] End cell 7 execution @ 1693032690738, started @ 1693032690709, elapsed time = 0.029s
06:51:30.767 [info] Kernel acknowledged execution of cell 8 @ 1693032690751
06:51:30.793 [info] End cell 8 execution @ 1693032690787, started @ 1693032690751, elapsed time = 0.036s
06:51:30.814 [info] Kernel acknowledged execution of cell 9 @ 1693032690807
06:51:30.858 [info] End cell 9 execution @ 1693032690852, started @ 1693032690807, elapsed time = 0.045s
06:51:30.866 [info] Kernel acknowledged execution of cell 10 @ 1693032690861
06:51:31.321 [info] End cell 10 execution @ 1693032691316, started @ 1693032690861, elapsed time = 0.455s
06:51:31.336 [info] Kernel acknowledged execution of cell 12 @ 1693032691327
06:51:31.352 [info] End cell 12 execution @ 1693032691344, started @ 1693032691327, elapsed time = 0.017s
06:51:31.363 [info] Kernel acknowledged execution of cell 13 @ 1693032691358
06:51:31.384 [info] End cell 13 execution @ 1693032691381, started @ 1693032691358, elapsed time = 0.023s
06:51:31.392 [info] Kernel acknowledged execution of cell 14 @ 1693032691389
06:51:31.926 [info] End cell 14 execution @ 1693032691915, started @ 1693032691389, elapsed time = 0.526s
06:51:31.963 [info] Kernel acknowledged execution of cell 16 @ 1693032691933
06:51:31.973 [info] End cell 16 execution @ 1693032691967, started @ 1693032691933, elapsed time = 0.034s
06:51:31.992 [info] Kernel acknowledged execution of cell 18 @ 1693032691976
06:51:32.009 [info] End cell 18 execution @ 1693032692000, started @ 1693032691976, elapsed time = 0.024s
06:51:32.025 [info] Kernel acknowledged execution of cell 20 @ 1693032692014
06:51:32.061 [info] End cell 20 execution @ 1693032692055, started @ 1693032692014, elapsed time = 0.041s
06:51:32.105 [info] Kernel acknowledged execution of cell 22 @ 1693032692069
06:51:32.156 [info] End cell 22 execution @ 1693032692147, started @ 1693032692069, elapsed time = 0.078s
06:51:32.176 [info] Kernel acknowledged execution of cell 23 @ 1693032692164
06:51:32.203 [info] End cell 23 execution @ 1693032692197, started @ 1693032692164, elapsed time = 0.033s
06:51:32.222 [info] Kernel acknowledged execution of cell 24 @ 1693032692207
06:51:32.242 [info] End cell 24 execution @ 1693032692236, started @ 1693032692207, elapsed time = 0.029s
06:51:32.263 [info] Kernel acknowledged execution of cell 25 @ 1693032692247
06:51:33.334 [info] End cell 25 execution @ 1693032693330, started @ 1693032692247, elapsed time = 1.083s
06:51:33.355 [info] Kernel acknowledged execution of cell 28 @ 1693032693336
06:51:33.363 [info] End cell 28 execution @ 1693032693358, started @ 1693032693336, elapsed time = 0.022s
06:51:33.373 [info] Kernel acknowledged execution of cell 30 @ 1693032693368
06:51:33.389 [info] End cell 30 execution @ 1693032693380, started @ 1693032693368, elapsed time = 0.012s
06:51:33.403 [info] Kernel acknowledged execution of cell 31 @ 1693032693395
06:51:33.412 [info] End cell 31 execution @ 1693032693407, started @ 1693032693395, elapsed time = 0.012s
06:51:33.418 [info] Kernel acknowledged execution of cell 32 @ 1693032693416
06:51:33.427 [info] End cell 32 execution @ 1693032693423, started @ 1693032693416, elapsed time = 0.007s
06:51:33.434 [info] Kernel acknowledged execution of cell 33 @ 1693032693430
06:51:33.442 [info] End cell 33 execution @ 1693032693437, started @ 1693032693430, elapsed time = 0.007s
06:51:33.450 [info] Kernel acknowledged execution of cell 34 @ 1693032693445
06:51:33.524 [info] End cell 34 execution @ 1693032693519, started @ 1693032693445, elapsed time = 0.074s
06:51:33.536 [info] Kernel acknowledged execution of cell 35 @ 1693032693528
06:51:33.544 [info] End cell 35 execution @ 1693032693537, started @ 1693032693528, elapsed time = 0.009s
06:51:33.558 [info] Kernel acknowledged execution of cell 36 @ 1693032693548
06:51:33.621 [info] End cell 36 execution @ 1693032693616, started @ 1693032693548, elapsed time = 0.068s
06:51:33.627 [info] Kernel acknowledged execution of cell 37 @ 1693032693624
06:51:33.634 [info] End cell 37 execution @ 1693032693629, started @ 1693032693624, elapsed time = 0.005s
06:51:33.648 [info] Kernel acknowledged execution of cell 38 @ 1693032693637
06:51:33.669 [info] End cell 38 execution @ 1693032693665, started @ 1693032693637, elapsed time = 0.028s
06:51:33.675 [info] Kernel acknowledged execution of cell 39 @ 1693032693672
06:51:35.081 [info] End cell 39 execution @ 1693032695077, started @ 1693032693672, elapsed time = 1.405s
06:51:35.087 [info] Kernel acknowledged execution of cell 40 @ 1693032695085
06:51:39.204 [info] End cell 40 execution @ 1693032699202, started @ 1693032695085, elapsed time = 4.117s
06:51:56.156 [info] Handle Execution of Cells 0,2,3,6,7,8,9,10,12,13,14,16,18,20,22,23,24,25,28,30,31,32,33,34,35,36,37,38,39,40,43,45,47,48,49,50,52,53,55,56,58 for ~/code/Car Price Prediction.ipynb
06:51:56.197 [info] Kernel acknowledged execution of cell 0 @ 1693032716188
06:51:56.200 [info] End cell 0 execution @ 1693032716195, started @ 1693032716188, elapsed time = 0.007s
06:51:56.216 [info] Kernel acknowledged execution of cell 2 @ 1693032716205
06:51:56.266 [info] End cell 2 execution @ 1693032716261, started @ 1693032716205, elapsed time = 0.056s
06:51:56.281 [info] Kernel acknowledged execution of cell 3 @ 1693032716268
06:51:56.293 [info] End cell 3 execution @ 1693032716290, started @ 1693032716268, elapsed time = 0.022s
06:51:56.297 [info] Kernel acknowledged execution of cell 6 @ 1693032716295
06:51:56.304 [info] End cell 6 execution @ 1693032716301, started @ 1693032716295, elapsed time = 0.006s
06:51:56.311 [info] Kernel acknowledged execution of cell 7 @ 1693032716306
06:51:56.322 [info] End cell 7 execution @ 1693032716320, started @ 1693032716306, elapsed time = 0.014s
06:51:56.326 [info] Kernel acknowledged execution of cell 8 @ 1693032716325
06:51:56.338 [info] End cell 8 execution @ 1693032716335, started @ 1693032716325, elapsed time = 0.01s
06:51:56.344 [info] Kernel acknowledged execution of cell 9 @ 1693032716341
06:51:56.353 [info] End cell 9 execution @ 1693032716351, started @ 1693032716341, elapsed time = 0.01s
06:51:56.361 [info] Kernel acknowledged execution of cell 10 @ 1693032716355
06:51:56.576 [info] End cell 10 execution @ 1693032716572, started @ 1693032716355, elapsed time = 0.217s
06:51:56.586 [info] Kernel acknowledged execution of cell 12 @ 1693032716579
06:51:56.594 [info] End cell 12 execution @ 1693032716589, started @ 1693032716579, elapsed time = 0.01s
06:51:56.608 [info] Kernel acknowledged execution of cell 13 @ 1693032716598
06:51:56.627 [info] End cell 13 execution @ 1693032716619, started @ 1693032716598, elapsed time = 0.021s
06:51:56.647 [info] Kernel acknowledged execution of cell 14 @ 1693032716633
06:51:56.975 [info] End cell 14 execution @ 1693032716967, started @ 1693032716633, elapsed time = 0.334s
06:51:57.005 [info] Kernel acknowledged execution of cell 16 @ 1693032716981
06:51:57.014 [info] End cell 16 execution @ 1693032717007, started @ 1693032716981, elapsed time = 0.026s
06:51:57.035 [info] Kernel acknowledged execution of cell 18 @ 1693032717016
06:51:57.072 [info] End cell 18 execution @ 1693032717064, started @ 1693032717016, elapsed time = 0.048s
06:51:57.104 [info] Kernel acknowledged execution of cell 20 @ 1693032717076
06:51:57.117 [info] End cell 20 execution @ 1693032717107, started @ 1693032717076, elapsed time = 0.031s
06:51:57.143 [info] Kernel acknowledged execution of cell 22 @ 1693032717119
06:51:57.171 [info] End cell 22 execution @ 1693032717168, started @ 1693032717119, elapsed time = 0.049s
06:51:57.177 [info] Kernel acknowledged execution of cell 23 @ 1693032717175
06:51:57.201 [info] End cell 23 execution @ 1693032717191, started @ 1693032717175, elapsed time = 0.016s
06:51:57.211 [info] Kernel acknowledged execution of cell 24 @ 1693032717203
06:51:57.222 [info] End cell 24 execution @ 1693032717217, started @ 1693032717203, elapsed time = 0.014s
06:51:57.233 [info] Kernel acknowledged execution of cell 25 @ 1693032717225
06:51:58.572 [info] End cell 25 execution @ 1693032718553, started @ 1693032717225, elapsed time = 1.328s
06:51:58.597 [info] Kernel acknowledged execution of cell 28 @ 1693032718582
06:51:58.640 [info] End cell 28 execution @ 1693032718620, started @ 1693032718582, elapsed time = 0.038s
06:51:58.667 [info] Kernel acknowledged execution of cell 30 @ 1693032718644
06:51:58.677 [info] End cell 30 execution @ 1693032718670, started @ 1693032718644, elapsed time = 0.026s
06:51:58.686 [info] Kernel acknowledged execution of cell 31 @ 1693032718683
06:51:58.706 [info] End cell 31 execution @ 1693032718694, started @ 1693032718683, elapsed time = 0.011s
06:51:58.721 [info] Kernel acknowledged execution of cell 32 @ 1693032718709
06:51:58.738 [info] End cell 32 execution @ 1693032718731, started @ 1693032718709, elapsed time = 0.022s
06:51:58.751 [info] Kernel acknowledged execution of cell 33 @ 1693032718740
06:51:58.765 [info] End cell 33 execution @ 1693032718757, started @ 1693032718740, elapsed time = 0.017s
06:51:58.792 [info] Kernel acknowledged execution of cell 34 @ 1693032718770
06:51:58.801 [info] End cell 34 execution @ 1693032718794, started @ 1693032718770, elapsed time = 0.024s
06:51:58.819 [info] Kernel acknowledged execution of cell 35 @ 1693032718806
06:51:58.828 [info] End cell 35 execution @ 1693032718819, started @ 1693032718806, elapsed time = 0.013s
06:51:58.858 [info] Kernel acknowledged execution of cell 36 @ 1693032718832
06:51:58.930 [info] End cell 36 execution @ 1693032718921, started @ 1693032718832, elapsed time = 0.089s
06:51:58.943 [info] Kernel acknowledged execution of cell 37 @ 1693032718936
06:51:58.955 [info] End cell 37 execution @ 1693032718943, started @ 1693032718936, elapsed time = 0.007s
06:51:58.978 [info] Kernel acknowledged execution of cell 38 @ 1693032718960
06:51:59.014 [info] End cell 38 execution @ 1693032718991, started @ 1693032718960, elapsed time = 0.031s
06:51:59.030 [info] Kernel acknowledged execution of cell 39 @ 1693032719020
06:52:00.513 [info] End cell 39 execution @ 1693032720506, started @ 1693032719020, elapsed time = 1.486s
06:52:00.523 [info] Kernel acknowledged execution of cell 40 @ 1693032720518
06:52:03.978 [info] End cell 40 execution @ 1693032723974, started @ 1693032720518, elapsed time = 3.456s
06:52:03.989 [info] Kernel acknowledged execution of cell 43 @ 1693032723980
06:52:03.995 [info] End cell 43 execution @ 1693032723992, started @ 1693032723980, elapsed time = 0.012s
06:52:04.002 [info] Kernel acknowledged execution of cell 45 @ 1693032724001
06:52:04.027 [info] End cell 45 execution @ 1693032724017, started @ 1693032724001, elapsed time = 0.016s
06:52:04.036 [info] Kernel acknowledged execution of cell 47 @ 1693032724029
06:52:04.057 [info] End cell 47 execution @ 1693032724051, started @ 1693032724029, elapsed time = 0.022s
06:52:04.068 [info] Kernel acknowledged execution of cell 48 @ 1693032724062
06:52:04.086 [info] End cell 48 execution @ 1693032724079, started @ 1693032724062, elapsed time = 0.017s
06:52:04.098 [info] Kernel acknowledged execution of cell 49 @ 1693032724091
06:52:04.107 [info] End cell 49 execution @ 1693032724100, started @ 1693032724091, elapsed time = 0.009s
06:52:04.126 [info] Kernel acknowledged execution of cell 50 @ 1693032724112
06:52:04.131 [info] End cell 50 execution @ 1693032724125, started @ 1693032724112, elapsed time = 0.013s
06:52:04.140 [info] Kernel acknowledged execution of cell 52 @ 1693032724133
06:52:04.911 [info] End cell 52 execution @ 1693032724907, started @ 1693032724133, elapsed time = 0.774s
06:52:04.926 [info] Kernel acknowledged execution of cell 53 @ 1693032724915
06:52:04.934 [info] End cell 53 execution @ 1693032724927, started @ 1693032724915, elapsed time = 0.012s
06:52:04.950 [info] Kernel acknowledged execution of cell 55 @ 1693032724938
06:52:05.910 [info] End cell 55 execution @ 1693032725906, started @ 1693032724938, elapsed time = 0.968s
06:52:05.918 [info] Kernel acknowledged execution of cell 56 @ 1693032725912
06:52:05.927 [info] End cell 56 execution @ 1693032725923, started @ 1693032725912, elapsed time = 0.011s
06:52:05.939 [info] Kernel acknowledged execution of cell 58 @ 1693032725931
06:52:06.582 [info] End cell 58 execution @ 1693032726578, started @ 1693032725931, elapsed time = 0.647s
06:52:57.846 [info] Handle Execution of Cells 58 for ~/code/Car Price Prediction.ipynb
06:52:57.867 [info] Kernel acknowledged execution of cell 58 @ 1693032777851
06:52:58.231 [info] End cell 58 execution @ 1693032778228, started @ 1693032777851, elapsed time = 0.377s
06:53:08.216 [info] Handle Execution of Cells 58 for ~/code/Car Price Prediction.ipynb
06:53:08.228 [info] Kernel acknowledged execution of cell 58 @ 1693032788222
06:53:08.596 [info] End cell 58 execution @ 1693032788593, started @ 1693032788222, elapsed time = 0.371s
06:56:56.321 [info] Handle Execution of Cells 61 for ~/code/Car Price Prediction.ipynb
06:56:56.333 [info] Kernel acknowledged execution of cell 61 @ 1693033016328
06:56:56.367 [info] End cell 61 execution @ 1693033016361, started @ 1693033016328, elapsed time = 0.033s
06:56:57.222 [info] Handle Execution of Cells 62 for ~/code/Car Price Prediction.ipynb
06:56:57.240 [info] Kernel acknowledged execution of cell 62 @ 1693033017230
06:56:57.247 [info] End cell 62 execution @ 1693033017243, started @ 1693033017230, elapsed time = 0.013s
06:56:58.206 [info] Handle Execution of Cells 63 for ~/code/Car Price Prediction.ipynb
06:56:58.232 [info] Kernel acknowledged execution of cell 63 @ 1693033018213
06:56:58.300 [info] End cell 63 execution @ 1693033018296, started @ 1693033018213, elapsed time = 0.083s
06:57:31.535 [info] Handle Execution of Cells 78 for ~/code/Car Price Prediction.ipynb
06:57:31.552 [info] Kernel acknowledged execution of cell 78 @ 1693033051542
06:57:31.914 [info] End cell 78 execution @ 1693033051909, started @ 1693033051542, elapsed time = 0.367s
06:57:31.915 [warn] Cancel all remaining cells due to cancellation or failure in execution
06:57:49.562 [info] Handle Execution of Cells 76 for ~/code/Car Price Prediction.ipynb
06:57:49.575 [info] Kernel acknowledged execution of cell 76 @ 1693033069568
06:57:49.581 [info] End cell 76 execution @ 1693033069574, started @ 1693033069568, elapsed time = 0.006s
06:57:53.219 [info] Handle Execution of Cells 78 for ~/code/Car Price Prediction.ipynb
06:57:53.233 [info] Kernel acknowledged execution of cell 78 @ 1693033073228
06:57:53.533 [info] End cell 78 execution @ 1693033073522, started @ 1693033073228, elapsed time = 0.294s
06:57:53.533 [warn] Cancel all remaining cells due to cancellation or failure in execution
06:58:08.250 [info] Handle Execution of Cells 78 for ~/code/Car Price Prediction.ipynb
06:58:08.261 [info] Kernel acknowledged execution of cell 78 @ 1693033088254
06:58:08.307 [info] End cell 78 execution @ 1693033088304, started @ 1693033088254, elapsed time = 0.05s
06:58:17.911 [info] Handle Execution of Cells 79 for ~/code/Car Price Prediction.ipynb
06:58:17.928 [info] Kernel acknowledged execution of cell 79 @ 1693033097917
06:58:17.952 [info] End cell 79 execution @ 1693033097949, started @ 1693033097917, elapsed time = 0.032s
06:58:17.952 [warn] Cancel all remaining cells due to cancellation or failure in execution
06:59:08.872 [info] Handle Execution of Cells 79 for ~/code/Car Price Prediction.ipynb
06:59:08.896 [info] Kernel acknowledged execution of cell 79 @ 1693033148880
06:59:08.920 [info] End cell 79 execution @ 1693033148915, started @ 1693033148880, elapsed time = 0.035s
06:59:08.921 [warn] Cancel all remaining cells due to cancellation or failure in execution
06:59:13.684 [info] Handle Execution of Cells 79 for ~/code/Car Price Prediction.ipynb
06:59:13.709 [info] Kernel acknowledged execution of cell 79 @ 1693033153690
06:59:13.716 [info] End cell 79 execution @ 1693033153710, started @ 1693033153690, elapsed time = 0.02s
07:00:01.400 [info] Handle Execution of Cells 80 for ~/code/Car Price Prediction.ipynb
07:00:01.409 [info] Kernel acknowledged execution of cell 80 @ 1693033201406
07:00:01.630 [info] End cell 80 execution @ 1693033201626, started @ 1693033201406, elapsed time = 0.22s
07:00:01.631 [warn] Cancel all remaining cells due to cancellation or failure in execution
07:00:35.144 [info] Handle Execution of Cells 79 for ~/code/Car Price Prediction.ipynb
07:00:35.181 [info] Kernel acknowledged execution of cell 79 @ 1693033235154
07:00:35.195 [info] End cell 79 execution @ 1693033235183, started @ 1693033235154, elapsed time = 0.029s
07:00:37.298 [info] Handle Execution of Cells 80 for ~/code/Car Price Prediction.ipynb
07:00:37.327 [info] Kernel acknowledged execution of cell 80 @ 1693033237310
07:00:37.390 [info] End cell 80 execution @ 1693033237383, started @ 1693033237310, elapsed time = 0.073s
07:01:00.611 [info] Handle Execution of Cells 81 for ~/code/Car Price Prediction.ipynb
07:01:00.638 [info] Kernel acknowledged execution of cell 81 @ 1693033260616
07:01:00.644 [info] End cell 81 execution @ 1693033260641, started @ 1693033260616, elapsed time = 0.025s
07:01:00.645 [warn] Cancel all remaining cells due to cancellation or failure in execution
07:01:05.174 [info] Handle Execution of Cells 81 for ~/code/Car Price Prediction.ipynb
07:01:05.196 [info] Kernel acknowledged execution of cell 81 @ 1693033265181
07:01:05.222 [info] End cell 81 execution @ 1693033265212, started @ 1693033265181, elapsed time = 0.031s
07:02:58.969 [info] Handle Execution of Cells 79 for ~/code/Car Price Prediction.ipynb
07:02:58.986 [info] Kernel acknowledged execution of cell 79 @ 1693033378978
07:02:59.007 [info] End cell 79 execution @ 1693033379002, started @ 1693033378978, elapsed time = 0.024s
07:03:05.737 [info] Handle Execution of Cells 79 for ~/code/Car Price Prediction.ipynb
07:03:05.770 [info] Kernel acknowledged execution of cell 79 @ 1693033385742
07:03:06.320 [info] End cell 79 execution @ 1693033386315, started @ 1693033385742, elapsed time = 0.573s
07:03:06.321 [warn] Cancel all remaining cells due to cancellation or failure in execution
07:03:14.075 [info] Handle Execution of Cells 79 for ~/code/Car Price Prediction.ipynb
07:03:14.088 [info] Kernel acknowledged execution of cell 79 @ 1693033394079
07:03:14.103 [info] End cell 79 execution @ 1693033394090, started @ 1693033394079, elapsed time = 0.011s
07:03:18.906 [info] Handle Execution of Cells 80 for ~/code/Car Price Prediction.ipynb
07:03:18.939 [info] Kernel acknowledged execution of cell 80 @ 1693033398917
07:03:19.078 [info] End cell 80 execution @ 1693033399073, started @ 1693033398917, elapsed time = 0.156s
07:03:19.078 [warn] Cancel all remaining cells due to cancellation or failure in execution
07:04:18.636 [info] Handle Execution of Cells 80 for ~/code/Car Price Prediction.ipynb
07:04:18.654 [info] Kernel acknowledged execution of cell 80 @ 1693033458643
07:04:18.661 [info] End cell 80 execution @ 1693033458654, started @ 1693033458643, elapsed time = 0.011s
07:04:19.588 [info] Handle Execution of Cells 81 for ~/code/Car Price Prediction.ipynb
07:04:19.606 [info] Kernel acknowledged execution of cell 81 @ 1693033459594
07:04:19.655 [info] End cell 81 execution @ 1693033459649, started @ 1693033459594, elapsed time = 0.055s
07:04:19.656 [warn] Cancel all remaining cells due to cancellation or failure in execution
07:05:10.184 [info] Handle Execution of Cells 81 for ~/code/Car Price Prediction.ipynb
07:05:10.217 [info] Kernel acknowledged execution of cell 81 @ 1693033510195
07:05:10.471 [info] End cell 81 execution @ 1693033510468, started @ 1693033510195, elapsed time = 0.273s
07:05:10.472 [warn] Cancel all remaining cells due to cancellation or failure in execution
07:07:30.860 [info] Handle Execution of Cells 79 for ~/code/Car Price Prediction.ipynb
07:07:30.886 [info] Kernel acknowledged execution of cell 79 @ 1693033650868
07:07:30.894 [info] End cell 79 execution @ 1693033650888, started @ 1693033650868, elapsed time = 0.02s
07:07:32.096 [info] Handle Execution of Cells 80 for ~/code/Car Price Prediction.ipynb
07:07:32.118 [info] Kernel acknowledged execution of cell 80 @ 1693033652101
07:07:32.195 [info] End cell 80 execution @ 1693033652189, started @ 1693033652101, elapsed time = 0.088s
07:07:32.200 [warn] Cancel all remaining cells due to cancellation or failure in execution
07:07:38.381 [info] Handle Execution of Cells 80 for ~/code/Car Price Prediction.ipynb
07:07:38.391 [info] Kernel acknowledged execution of cell 80 @ 1693033658387
07:07:38.397 [info] End cell 80 execution @ 1693033658394, started @ 1693033658387, elapsed time = 0.007s
07:07:38.397 [warn] Cancel all remaining cells due to cancellation or failure in execution
07:07:41.637 [info] Handle Execution of Cells 80 for ~/code/Car Price Prediction.ipynb
07:07:41.653 [info] Kernel acknowledged execution of cell 80 @ 1693033661643
07:07:41.778 [info] End cell 80 execution @ 1693033661774, started @ 1693033661643, elapsed time = 0.131s
07:07:41.779 [warn] Cancel all remaining cells due to cancellation or failure in execution
07:07:49.528 [info] Handle Execution of Cells 79 for ~/code/Car Price Prediction.ipynb
07:07:49.547 [info] Kernel acknowledged execution of cell 79 @ 1693033669535
07:07:49.555 [info] End cell 79 execution @ 1693033669548, started @ 1693033669535, elapsed time = 0.013s
07:07:50.920 [info] Handle Execution of Cells 80 for ~/code/Car Price Prediction.ipynb
07:07:50.949 [info] Kernel acknowledged execution of cell 80 @ 1693033670926
07:07:51.031 [info] End cell 80 execution @ 1693033671026, started @ 1693033670926, elapsed time = 0.1s
07:08:07.778 [info] Handle Execution of Cells 78 for ~/code/Car Price Prediction.ipynb
07:08:07.798 [info] Kernel acknowledged execution of cell 78 @ 1693033687787
07:08:07.855 [info] End cell 78 execution @ 1693033687846, started @ 1693033687787, elapsed time = 0.059s
07:08:09.336 [info] Handle Execution of Cells 79 for ~/code/Car Price Prediction.ipynb
07:08:09.353 [info] Kernel acknowledged execution of cell 79 @ 1693033689340
07:08:09.363 [info] End cell 79 execution @ 1693033689355, started @ 1693033689340, elapsed time = 0.015s
07:08:10.314 [info] Handle Execution of Cells 80 for ~/code/Car Price Prediction.ipynb
07:08:10.333 [info] Kernel acknowledged execution of cell 80 @ 1693033690320
07:08:10.407 [info] End cell 80 execution @ 1693033690404, started @ 1693033690320, elapsed time = 0.084s
07:08:10.407 [warn] Cancel all remaining cells due to cancellation or failure in execution
07:08:33.978 [info] Handle Execution of Cells 35 for ~/code/Car Price Prediction.ipynb
07:08:33.997 [info] Kernel acknowledged execution of cell 35 @ 1693033713985
07:08:34.000 [info] End cell 35 execution @ 1693033713996, started @ 1693033713985, elapsed time = 0.011s
07:08:38.138 [info] Handle Execution of Cells 80 for ~/code/Car Price Prediction.ipynb
07:08:38.158 [info] Kernel acknowledged execution of cell 80 @ 1693033718144
07:08:38.257 [info] End cell 80 execution @ 1693033718249, started @ 1693033718144, elapsed time = 0.105s
07:08:38.258 [warn] Cancel all remaining cells due to cancellation or failure in execution
07:08:51.452 [info] Handle Execution of Cells 79 for ~/code/Car Price Prediction.ipynb
07:08:51.463 [info] Kernel acknowledged execution of cell 79 @ 1693033731459
07:08:51.495 [info] End cell 79 execution @ 1693033731485, started @ 1693033731459, elapsed time = 0.026s
07:08:52.652 [info] Handle Execution of Cells 80 for ~/code/Car Price Prediction.ipynb
07:08:52.669 [info] Kernel acknowledged execution of cell 80 @ 1693033732660
07:08:52.715 [info] End cell 80 execution @ 1693033732712, started @ 1693033732660, elapsed time = 0.052s
07:09:15.558 [info] Handle Execution of Cells 81 for ~/code/Car Price Prediction.ipynb
07:09:15.575 [info] Kernel acknowledged execution of cell 81 @ 1693033755564
07:09:15.585 [info] End cell 81 execution @ 1693033755582, started @ 1693033755564, elapsed time = 0.018s
07:09:31.260 [info] Handle Execution of Cells 82 for ~/code/Car Price Prediction.ipynb
07:09:31.271 [info] Kernel acknowledged execution of cell 82 @ 1693033771268
07:09:31.282 [info] End cell 82 execution @ 1693033771276, started @ 1693033771268, elapsed time = 0.008s
