2023-08-26 05:40:10.417 [info] Experiment 'pythonPromptNewFormatterExt' is active
2023-08-26 05:40:10.418 [info] Experiment 'pythonPromptNewToolsExt' is active
2023-08-26 05:40:10.419 [info] Experiment 'pythonSurveyNotification' is active
2023-08-26 05:40:10.419 [info] Test server listening.
2023-08-26 05:40:10.419 [info] > conda info --json
2023-08-26 05:40:10.474 [info] Found: /bin/python3 --> /bin/python3.11
2023-08-26 05:40:10.483 [info] Found: /bin/python3.11 --> /bin/python3.11
2023-08-26 05:40:10.608 [info] Found: /usr/bin/python3 --> /usr/bin/python3.11
2023-08-26 05:40:10.609 [info] Found: /usr/bin/python3.11 --> /usr/bin/python3.11
2023-08-26 05:40:10.680 [info] > /usr/local/bin/python -I ./.vscode-server/extensions/ms-python.python-2023.14.0/pythonFiles/get_output_via_markers.py ./.vscode-server/extensions/ms-python.python-2023.14.0/pythonFiles/interpreterInfo.py
2023-08-26 05:40:10.724 [info] Found: /usr/local/bin/python --> /usr/local/bin/python3.10
2023-08-26 05:40:10.726 [info] Found: /usr/local/bin/python3 --> /usr/local/bin/python3.10
2023-08-26 05:40:10.726 [info] Found: /usr/local/bin/python3.10 --> /usr/local/bin/python3.10
2023-08-26 05:40:10.802 [info] > /bin/python3 -I ./.vscode-server/extensions/ms-python.python-2023.14.0/pythonFiles/get_output_via_markers.py ./.vscode-server/extensions/ms-python.python-2023.14.0/pythonFiles/interpreterInfo.py
2023-08-26 05:40:10.993 [info] Python interpreter path: /usr/local/bin/python
2023-08-26 05:40:11.123 [info] > /usr/bin/python3 -I ./.vscode-server/extensions/ms-python.python-2023.14.0/pythonFiles/get_output_via_markers.py ./.vscode-server/extensions/ms-python.python-2023.14.0/pythonFiles/interpreterInfo.py
2023-08-26 05:40:13.180 [warning] Retry failed, storage update failed for key PYTHON_ENV_INFO_CACHE
2023-08-26 05:40:15.139 [info] Starting Pylance language server.
2023-08-26 05:40:51.771 [info] Discover tests for workspace name: root - uri: /root/code/main.py
2023-08-26 05:41:00.357 [info] Discover tests for workspace name: root - uri: /root/code/main.py
2023-08-26 05:41:05.346 [info] Send text to terminal: /usr/local/bin/python /root/code/main.py
2023-08-26 05:41:17.293 [info] Discover tests for workspace name: root - uri: /root/code/main.py
2023-08-26 05:41:17.926 [info] Send text to terminal: /usr/local/bin/python /root/code/main.py
2023-08-26 05:41:48.275 [info] Send text to terminal: /usr/local/bin/python /root/code/main.py
2023-08-26 05:41:48.555 [info] Discover tests for workspace name: root - uri: /root/code/main.py
2023-08-26 05:42:02.719 [info] Send text to terminal: /usr/local/bin/python /root/code/main.py
2023-08-26 05:49:54.975 [info] Discover tests for workspace name: root - uri: /root/code/main.py
2023-08-26 05:56:56.571 [info] Discover tests for workspace name: root - uri: /root/code/main.py
2023-08-26 05:56:59.378 [info] Send text to terminal: /usr/local/bin/python /root/code/main.py
2023-08-26 05:57:23.173 [info] Send text to terminal: /usr/local/bin/python /root/code/main.py
2023-08-26 05:57:23.453 [info] Discover tests for workspace name: root - uri: /root/code/main.py
2023-08-26 05:58:57.885 [info] Discover tests for workspace name: root - uri: /root/code/main.py
2023-08-26 05:58:58.179 [info] Send text to terminal: /usr/local/bin/python /root/code/main.py
2023-08-26 05:59:08.395 [info] Discover tests for workspace name: root - uri: /root/code/main.py
2023-08-26 05:59:09.091 [info] Send text to terminal: /usr/local/bin/python /root/code/main.py
2023-08-26 05:59:28.473 [info] Discover tests for workspace name: root - uri: /root/code/main.py
2023-08-26 05:59:37.349 [info] Send text to terminal: /usr/local/bin/python /root/code/main.py
2023-08-26 06:04:31.776 [info] Send text to terminal: /usr/local/bin/python /root/code/main.py
2023-08-26 06:04:32.057 [info] Discover tests for workspace name: root - uri: /root/code/main.py
2023-08-26 06:05:22.873 [info] Send text to terminal: /usr/local/bin/python /root/code/main.py
2023-08-26 06:05:23.133 [info] Discover tests for workspace name: root - uri: /root/code/main.py
2023-08-26 06:17:18.628 [info] Discover tests for workspace name: root - uri: /root/code/main.py
2023-08-26 06:17:25.845 [info] Send text to terminal: /usr/local/bin/python /root/code/main.py
2023-08-26 06:17:32.464 [info] Discover tests for workspace name: root - uri: /root/code/main.py
2023-08-26 06:17:35.199 [info] Send text to terminal: /usr/local/bin/python /root/code/main.py
2023-08-26 06:20:21.938 [info] Discover tests for workspace name: root - uri: /root/code/main.py
2023-08-26 06:21:52.222 [info] Discover tests for workspace name: root - uri: /root/code/main.py
2023-08-26 06:21:56.181 [info] Send text to terminal: /usr/local/bin/python /root/code/main.py
2023-08-26 06:26:51.134 [info] Discover tests for workspace name: root - uri: /root/code/main.py
2023-08-26 06:29:11.083 [info] Discover tests for workspace name: root - uri: /root/code/main.py
2023-08-26 06:29:50.375 [info] Discover tests for workspace name: root - uri: /root/code/main.py
2023-08-26 06:32:12.711 [info] Discover tests for workspace name: root - uri: /root/code/main.py
2023-08-26 06:34:27.234 [info] Discover tests for workspace name: root - uri: /root/code/main.py
2023-08-26 06:36:15.704 [info] Discover tests for workspace name: root - uri: /root/code/main.py
2023-08-26 06:36:43.041 [info] Discover tests for workspace name: root - uri: /root/code/main.py
2023-08-26 06:36:55.755 [info] Discover tests for workspace name: root - uri: /root/code/main.py
2023-08-26 06:44:55.184 [info] Discover tests for workspace name: root - uri: /root/code/main.py
2023-08-26 06:54:28.291 [info] Discover tests for workspace name: root - uri: /root/code/main.py
2023-08-26 07:12:02.334 [info] Discover tests for workspace name: root - uri: /root/code/main.py
2023-08-26 07:13:38.534 [info] Discover tests for workspace name: root - uri: /root/code/main.py
2023-08-26 07:15:53.889 [info] Discover tests for workspace name: root - uri: /root/code/main.py
2023-08-26 07:16:09.483 [info] Discover tests for workspace name: root - uri: /root/code/main.py
2023-08-26 07:16:21.510 [info] Send text to terminal: /usr/local/bin/python /root/code/main.py
2023-08-26 07:18:05.466 [info] Discover tests for workspace name: root - uri: /root/code/main.py
2023-08-26 07:18:17.568 [info] Discover tests for workspace name: root - uri: /root/code/main.py
2023-08-26 07:18:36.728 [info] Discover tests for workspace name: root - uri: /root/code/main.py
2023-08-26 07:19:41.987 [info] Discover tests for workspace name: root - uri: /root/code/main.py
2023-08-26 07:21:27.748 [info] Discover tests for workspace name: root - uri: /root/code/main.py
2023-08-26 07:21:53.616 [info] Discover tests for workspace name: root - uri: /root/code/main.py
2023-08-26 07:22:09.239 [info] Discover tests for workspace name: root - uri: /root/code/main.py
2023-08-26 07:23:18.482 [info] Discover tests for workspace name: root - uri: /root/code/main.py
2023-08-26 07:23:49.621 [info] Discover tests for workspace name: root - uri: /root/code/main.py
2023-08-26 07:25:07.400 [info] Discover tests for workspace name: root - uri: /root/code/main.py
2023-08-26 07:25:16.954 [info] Discover tests for workspace name: root - uri: /root/code/main.py
2023-08-26 07:25:27.288 [info] Send text to terminal: /usr/local/bin/python /root/code/main.py
2023-08-26 07:27:25.152 [info] Discover tests for workspace name: root - uri: /root/code/main.py
2023-08-26 07:27:37.419 [info] Send text to terminal: /usr/local/bin/python /root/code/main.py
2023-08-26 07:33:57.611 [info] Discover tests for workspace name: root - uri: /root/code/main.py
2023-08-26 07:34:01.795 [info] Send text to terminal: /usr/local/bin/python /root/code/main.py
2023-08-26 07:34:14.313 [info] Send text to terminal: /usr/local/bin/python /root/code/main.py
