Visual Studio Code (1.81.1, attached-container, desktop)
Jupyter Extension Version: 2023.7.1002162226.
Python Extension Version: 2023.14.0.
Platform: linux (x64).
Workspace folder /root, Home = /root
19:39:34.454 [info] User belongs to experiment group 'FastKernelPicker'
19:39:34.455 [info] User belongs to experiment group 'NewRemoteUriStorage'
19:39:34.455 [info] User belongs to experiment group 'PasswordManager'
19:39:34.455 [info] User belongs to experiment group 'NewJupyterSession'
19:39:36.134 [info] Start refreshing Kernel Picker (1692819576134)
19:39:36.142 [info] Using Pylance
19:39:36.701 [info] Start refreshing Interpreter Kernel Picker
19:39:39.681 [info] Starting Kernel startUsingPythonInterpreter, .jvsc74a57bd0949777d72b0d2535278d3dc13498b2535136f6dfe0678499012e853ee9abcab1./usr/local/python./usr/local/python.-m#ipykernel_launcher  (Python Path: /usr/local/bin/python, Unknown, 3.10.12) for '~/code/Car Price Prediction.ipynb' (disableUI=true)
19:39:39.701 [warn] Failed to get activated env vars for /usr/local/bin/python in 534ms
19:39:39.741 [info] Process Execution: /usr/local/bin/python -c "import site;print("USER_BASE_VALUE");print(site.USER_BASE);print("USER_BASE_VALUE");"
19:39:39.852 [info] Process Execution: /usr/local/bin/python -m pip list
19:39:40.065 [warn] Failed to get activated env vars for /usr/local/bin/python in 357ms
19:39:40.093 [info] Process Execution: /usr/local/bin/python -c "import ipykernel; print(ipykernel.__version__); print("5dc3a68c-e34e-4080-9c3e-2a532b2ccb4d"); print(ipykernel.__file__)"
19:39:40.217 [info] Process Execution: /usr/local/bin/python -m ipykernel_launcher --ip=127.0.0.1 --stdin=9003 --control=9001 --hb=9000 --Session.signature_scheme="hmac-sha256" --Session.key=b"f41f67dd-80e8-4c4d-999a-dfe7c947dc76" --shell=9002 --transport="tcp" --iopub=9004 --f=~/.local/share/jupyter/runtime/kernel-v2-24773nXFA4hl4M4.json
    > cwd: ~/code
19:39:41.518 [info] ipykernel version & path 6.25.1, /usr/local/lib/python3.10/site-packages/ipykernel/__init__.py for /usr/local/bin/python
19:39:42.200 [warn] StdErr from Kernel Process /usr/local/lib/python3.10/site-packages/traitlets/traitlets.py:2548: FutureWarning: Supporting extra quotes around strings is deprecated in traitlets 5.0. You can use 'hmac-sha256' instead of '"hmac-sha256"' if you require traitlets >=5.
  warn(
19:39:42.200 [warn] StdErr from Kernel Process /usr/local/lib/python3.10/site-packages/traitlets/traitlets.py:2499: FutureWarning: Supporting extra quotes around Bytes is deprecated in traitlets 5.0. Use 'f41f67dd-80e8-4c4d-999a-dfe7c947dc76' instead of 'b"f41f67dd-80e8-4c4d-999a-dfe7c947dc76"'.
  warn(
19:39:42.360 [info] Started Kernel Python 3.10.12 (pid: 373)
19:39:42.360 [info] Started new session f5f52df7-2e7a-4e77-a245-3c72f4f12190
19:39:42.461 [info] Process Execution: /usr/local/bin/python ~/.vscode-server/extensions/ms-toolsai.jupyter-2023.7.1002162226-linux-x64/pythonFiles/printJupyterDataDir.py
19:39:42.823 [info] End refreshing Kernel Picker (1692819576134)
19:42:05.898 [info] Disposing HostJupyterExecution
19:42:05.898 [info] Shutting down notebooks for 82e3d8ec-9dce-4250-a023-444f36323329
19:42:05.898 [info] Dispose Kernel '~/code/Car Price Prediction.ipynb' associated with '~/code/Car Price Prediction.ipynb'
19:42:05.902 [info] Dispose Kernel process 373.
19:42:05.911 [info] Disposing HostJupyterExecution
