2023-08-23 19:39:32.230 [info] Extension host with pid 247 started
2023-08-23 19:39:32.334 [info] ExtensionService#_doActivateExtension vscode.ipynb, startup: false, activationEvent: 'onNotebookSerializer:jupyter-notebook'
2023-08-23 19:39:32.473 [info] Lock '/root/.vscode-server/data/User/workspaceStorage/bb304129dd4e884cbf22e8e8ae3e077c/vscode.lock': Lock acquired.
2023-08-23 19:39:32.578 [info] ExtensionService#_doActivateExtension vscode.git-base, startup: true, activationEvent: '*', root cause: vscode.git
2023-08-23 19:39:32.643 [info] ExtensionService#_doActivateExtension vscode.git, startup: true, activationEvent: '*'
2023-08-23 19:39:32.645 [info] ExtensionService#_doActivateExtension vscode.github, startup: true, activationEvent: '*'
2023-08-23 19:39:33.216 [info] Eager extensions activated
2023-08-23 19:39:33.217 [info] ExtensionService#_doActivateExtension vscode.debug-auto-launch, startup: false, activationEvent: 'onStartupFinished'
2023-08-23 19:39:33.220 [info] ExtensionService#_doActivateExtension vscode.merge-conflict, startup: false, activationEvent: 'onStartupFinished'
2023-08-23 19:39:33.409 [info] ExtensionService#_doActivateExtension ms-toolsai.jupyter, startup: false, activationEvent: 'onNotebook:jupyter-notebook'
2023-08-23 19:39:33.410 [info] ExtensionService#_doActivateExtension ms-toolsai.vscode-jupyter-cell-tags, startup: false, activationEvent: 'onNotebook:jupyter-notebook'
2023-08-23 19:39:33.414 [info] ExtensionService#_doActivateExtension ms-toolsai.vscode-jupyter-slideshow, startup: false, activationEvent: 'onNotebook:jupyter-notebook'
2023-08-23 19:39:33.418 [info] ExtensionService#_doActivateExtension ms-toolsai.jupyter-renderers, startup: false, activationEvent: 'onNotebook:*'
2023-08-23 19:39:36.006 [info] ExtensionService#_doActivateExtension ms-python.python, startup: false, activationEvent: 'api', root cause: ms-toolsai.jupyter
2023-08-23 19:39:36.713 [info] ExtensionService#_doActivateExtension vscode.emmet, startup: false, activationEvent: 'onLanguage'
2023-08-23 19:39:37.374 [info] ExtensionService#_doActivateExtension ms-python.vscode-pylance, startup: false, activationEvent: 'onLanguage:python'
2023-08-23 19:41:12.964 [info] ExtensionService#_doActivateExtension vscode.extension-editing, startup: false, activationEvent: 'onLanguage:markdown'
2023-08-23 19:41:12.975 [info] ExtensionService#_doActivateExtension vscode.markdown-language-features, startup: false, activationEvent: 'onLanguage:markdown'
2023-08-23 19:41:14.265 [info] ExtensionService#_doActivateExtension vscode.markdown-math, startup: false, activationEvent: 'api', root cause: vscode.markdown-language-features
2023-08-23 19:42:05.866 [info] Extension host terminating: received terminate message from renderer
2023-08-23 19:42:05.867 [info] Lock '/root/.vscode-server/data/User/workspaceStorage/bb304129dd4e884cbf22e8e8ae3e077c/vscode.lock': Marking the lockfile as scheduled to be released in 6000 ms.
2023-08-23 19:42:05.947 [info] Extension host with pid 247 exiting with code 0
