2023-08-26 13:40:58.977 [info] Extension host with pid 261 started
2023-08-26 13:40:58.984 [error] Error: EEXIST: file already exists, open '/root/.vscode-server/data/User/workspaceStorage/bb304129dd4e884cbf22e8e8ae3e077c/vscode.lock'
2023-08-26 13:40:59.001 [info] Lock '/root/.vscode-server/data/User/workspaceStorage/bb304129dd4e884cbf22e8e8ae3e077c/vscode.lock': Could not acquire lock, checking if the file is stale.
2023-08-26 13:40:59.017 [info] Lock '/root/.vscode-server/data/User/workspaceStorage/bb304129dd4e884cbf22e8e8ae3e077c/vscode.lock': The lock looks stale, waiting for 2s.
2023-08-26 13:40:59.158 [info] ExtensionService#_doActivateExtension vscode.emmet, startup: false, activationEvent: 'onLanguage'
2023-08-26 13:40:59.161 [info] ExtensionService#_doActivateExtension ms-python.python, startup: false, activationEvent: 'onLanguage:python'
2023-08-26 13:40:59.162 [info] ExtensionService#_doActivateExtension ms-toolsai.jupyter, startup: false, activationEvent: 'onLanguage:python'
2023-08-26 13:41:00.165 [info] ExtensionService#_doActivateExtension vscode.git-base, startup: true, activationEvent: '*', root cause: vscode.git
2023-08-26 13:41:01.021 [info] Lock '/root/.vscode-server/data/User/workspaceStorage/bb304129dd4e884cbf22e8e8ae3e077c/vscode.lock': The lock looks stale even after waiting for 2s.
2023-08-26 13:41:01.021 [info] Lock '/root/.vscode-server/data/User/workspaceStorage/bb304129dd4e884cbf22e8e8ae3e077c/vscode.lock': Deleting a stale lock.
2023-08-26 13:41:01.044 [info] Lock '/root/.vscode-server/data/User/workspaceStorage/bb304129dd4e884cbf22e8e8ae3e077c/vscode.lock': Lock acquired.
2023-08-26 13:41:01.799 [info] ExtensionService#_doActivateExtension ms-toolsai.jupyter-renderers, startup: false, activationEvent: 'api', root cause: ms-toolsai.jupyter
2023-08-26 13:41:01.854 [info] ExtensionService#_doActivateExtension vscode.git, startup: true, activationEvent: '*'
2023-08-26 13:41:01.855 [info] ExtensionService#_doActivateExtension vscode.github, startup: true, activationEvent: '*'
2023-08-26 13:41:02.335 [info] Eager extensions activated
2023-08-26 13:41:02.335 [info] ExtensionService#_doActivateExtension vscode.debug-auto-launch, startup: false, activationEvent: 'onStartupFinished'
2023-08-26 13:41:02.336 [info] ExtensionService#_doActivateExtension vscode.merge-conflict, startup: false, activationEvent: 'onStartupFinished'
2023-08-26 13:41:02.586 [info] ExtensionService#_doActivateExtension ms-python.vscode-pylance, startup: false, activationEvent: 'onLanguage:python'
2023-08-26 13:42:33.425 [info] ExtensionService#_doActivateExtension vscode.ipynb, startup: false, activationEvent: 'onNotebookSerializer:jupyter-notebook'
2023-08-26 13:42:33.865 [info] ExtensionService#_doActivateExtension ms-toolsai.vscode-jupyter-cell-tags, startup: false, activationEvent: 'onNotebook:jupyter-notebook'
2023-08-26 13:42:33.866 [info] ExtensionService#_doActivateExtension ms-toolsai.vscode-jupyter-slideshow, startup: false, activationEvent: 'onNotebook:jupyter-notebook'
2023-08-26 14:05:55.514 [error] [ms-python.python] provider FAILED
2023-08-26 14:05:55.515 [error] TypeError: Cannot read properties of undefined (reading 'data')
	at /root/.vscode-server/extensions/ms-python.vscode-pylance-2023.8.40/dist/extension.bundle.js:1:71018
	at _0x43fdbb (/root/.vscode-server/extensions/ms-python.vscode-pylance-2023.8.40/dist/extension.bundle.js:1:82653)
	at async ce.provideCompletionItems (/root/.vscode-server/bin/6c3e3dba23e8fadc360aed75ce363ba185c49794/out/vs/workbench/api/node/extensionHostProcess.js:105:50188)
2023-08-26 14:22:55.789 [error] [ms-python.python] provider FAILED
2023-08-26 14:22:55.790 [error] TypeError: Cannot read properties of undefined (reading 'data')
	at /root/.vscode-server/extensions/ms-python.vscode-pylance-2023.8.40/dist/extension.bundle.js:1:71018
	at _0x43fdbb (/root/.vscode-server/extensions/ms-python.vscode-pylance-2023.8.40/dist/extension.bundle.js:1:82653)
	at async ce.provideCompletionItems (/root/.vscode-server/bin/6c3e3dba23e8fadc360aed75ce363ba185c49794/out/vs/workbench/api/node/extensionHostProcess.js:105:50188)
