2023-08-26 14:42:10.647 [info] Log level: Info
2023-08-26 14:42:10.649 [info] Validating found git in: "git"
2023-08-26 14:42:10.650 [info] Using git "2.39.2" from "git"
2023-08-26 14:42:10.650 [info] > git rev-parse --show-toplevel [3ms]
2023-08-26 14:42:10.650 [info] fatal: not a git repository (or any of the parent directories): .git
2023-08-26 14:42:10.651 [info] > git rev-parse --show-toplevel [53ms]
2023-08-26 14:42:10.651 [info] fatal: not a git repository (or any of the parent directories): .git
2023-08-26 14:42:10.659 [info] > git rev-parse --show-toplevel [17ms]
2023-08-26 14:42:10.659 [info] fatal: not a git repository (or any of the parent directories): .git
2023-08-26 14:42:10.691 [info] > git rev-parse --show-toplevel [4ms]
2023-08-26 14:42:10.691 [info] fatal: not a git repository (or any parent up to mount point /root)
Stopping at filesystem boundary (GIT_DISCOVERY_ACROSS_FILESYSTEM not set).
2023-08-26 14:42:10.718 [info] > git rev-parse --show-toplevel [2ms]
2023-08-26 14:42:10.718 [info] fatal: not a git repository (or any parent up to mount point /root)
Stopping at filesystem boundary (GIT_DISCOVERY_ACROSS_FILESYSTEM not set).
2023-08-26 14:42:10.761 [info] > git rev-parse --show-toplevel [11ms]
2023-08-26 14:42:10.761 [info] fatal: not a git repository (or any parent up to mount point /root)
Stopping at filesystem boundary (GIT_DISCOVERY_ACROSS_FILESYSTEM not set).
2023-08-26 14:42:10.780 [info] > git rev-parse --show-toplevel [7ms]
2023-08-26 14:42:10.782 [info] fatal: not a git repository (or any parent up to mount point /root)
Stopping at filesystem boundary (GIT_DISCOVERY_ACROSS_FILESYSTEM not set).
2023-08-26 14:42:10.812 [info] > git rev-parse --show-toplevel [7ms]
2023-08-26 14:42:10.814 [info] fatal: not a git repository (or any parent up to mount point /root)
Stopping at filesystem boundary (GIT_DISCOVERY_ACROSS_FILESYSTEM not set).
2023-08-26 14:42:20.054 [info] > git rev-parse --show-toplevel [894ms]
2023-08-26 14:42:20.054 [info] fatal: not a git repository (or any parent up to mount point /root)
Stopping at filesystem boundary (GIT_DISCOVERY_ACROSS_FILESYSTEM not set).
